# JRE version: Java(TM) SE Runtime Environment 18.9 (11.0.23+7) (build 11.0.23+7-LTS-222)
# Java VM: Java HotSpot(TM) 64-Bit Server VM 18.9 (11.0.23+7-LTS-222, mixed mode, tiered, compressed oops, g1 gc, windows-amd64)
Heap:
 garbage-first heap   total 568320K, used 240640K [0x00000000a2600000, 0x0000000100000000)
  region size 1024K, 113 young (115712K), 15 survivors (15360K)
 Metaspace       used 92591K, capacity 95898K, committed 96088K, reserved 1132544K
  class space    used 11485K, capacity 13129K, committed 13184K, reserved 1048576K
GC Heap History (10 events):
Event: 10.928 GC heap before
{Heap before GC invocations=34 (full 0):
 garbage-first heap   total 204800K, used 160652K [0x00000000a2600000, 0x0000000100000000)
  region size 1024K, 67 young (68608K), 9 survivors (9216K)
 Metaspace       used 91157K, capacity 94477K, committed 94680K, reserved 1130496K
  class space    used 11356K, capacity 12998K, committed 13056K, reserved 1048576K
}
Event: 10.942 GC heap after
{Heap after GC invocations=35 (full 0):
 garbage-first heap   total 321536K, used 102143K [0x00000000a2600000, 0x0000000100000000)
  region size 1024K, 9 young (9216K), 9 survivors (9216K)
 Metaspace       used 91157K, capacity 94477K, committed 94680K, reserved 1130496K
  class space    used 11356K, capacity 12998K, committed 13056K, reserved 1048576K
}
Event: 11.361 GC heap before
{Heap before GC invocations=35 (full 0):
 garbage-first heap   total 321536K, used 253695K [0x00000000a2600000, 0x0000000100000000)
  region size 1024K, 157 young (160768K), 9 survivors (9216K)
 Metaspace       used 91158K, capacity 94477K, committed 94680K, reserved 1130496K
  class space    used 11356K, capacity 12998K, committed 13056K, reserved 1048576K
}
Event: 11.395 GC heap after
{Heap after GC invocations=36 (full 0):
 garbage-first heap   total 321536K, used 115638K [0x00000000a2600000, 0x0000000100000000)
  region size 1024K, 20 young (20480K), 20 survivors (20480K)
 Metaspace       used 91158K, capacity 94477K, committed 94680K, reserved 1130496K
  class space    used 11356K, capacity 12998K, committed 13056K, reserved 1048576K
}
Event: 11.986 GC heap before
{Heap before GC invocations=36 (full 0):
 garbage-first heap   total 321536K, used 231350K [0x00000000a2600000, 0x0000000100000000)
  region size 1024K, 134 young (137216K), 20 survivors (20480K)
 Metaspace       used 92579K, capacity 95896K, committed 96088K, reserved 1132544K
  class space    used 11485K, capacity 13129K, committed 13184K, reserved 1048576K
}
Event: 12.009 GC heap after
{Heap after GC invocations=37 (full 0):
 garbage-first heap   total 321536K, used 118311K [0x00000000a2600000, 0x0000000100000000)
  region size 1024K, 17 young (17408K), 17 survivors (17408K)
 Metaspace       used 92579K, capacity 95896K, committed 96088K, reserved 1132544K
  class space    used 11485K, capacity 13129K, committed 13184K, reserved 1048576K
}
Event: 12.304 GC heap before
{Heap before GC invocations=37 (full 0):
 garbage-first heap   total 321536K, used 232999K [0x00000000a2600000, 0x0000000100000000)
  region size 1024K, 129 young (132096K), 17 survivors (17408K)
 Metaspace       used 92579K, capacity 95896K, committed 96088K, reserved 1132544K
  class space    used 11485K, capacity 13129K, committed 13184K, reserved 1048576K
}
Event: 12.341 GC heap after
{Heap after GC invocations=38 (full 0):
 garbage-first heap   total 321536K, used 136916K [0x00000000a2600000, 0x0000000100000000)
  region size 1024K, 17 young (17408K), 17 survivors (17408K)
 Metaspace       used 92579K, capacity 95896K, committed 96088K, reserved 1132544K
  class space    used 11485K, capacity 13129K, committed 13184K, reserved 1048576K
}
Event: 12.499 GC heap before
{Heap before GC invocations=38 (full 0):
 garbage-first heap   total 321536K, used 242388K [0x00000000a2600000, 0x0000000100000000)
  region size 1024K, 120 young (122880K), 17 survivors (17408K)
 Metaspace       used 92580K, capacity 95896K, committed 96088K, reserved 1132544K
  class space    used 11485K, capacity 13129K, committed 13184K, reserved 1048576K
}
Event: 12.520 GC heap after
{Heap after GC invocations=39 (full 0):
 garbage-first heap   total 568320K, used 141312K [0x00000000a2600000, 0x0000000100000000)
  region size 1024K, 15 young (15360K), 15 survivors (15360K)
 Metaspace       used 92580K, capacity 95896K, committed 96088K, reserved 1132544K
  class space    used 11485K, capacity 13129K, committed 13184K, reserved 1048576K
}

