<?xml version="1.0" encoding="UTF-8"?>
<testsuite xmlns:xsi="http://www.w3.org/2001/XMLSchema-instance" xsi:noNamespaceSchemaLocation="https://maven.apache.org/surefire/maven-surefire-plugin/xsd/surefire-test-report-3.0.xsd" version="3.0" name="conduitApp.ConduitTest" time="29.533" tests="1" errors="0" skipped="0" failures="1">
  <properties>
[...]
</properties>
  <testcase name="testParallel" classname="conduitApp.ConduitTest" time="29.513">
    <failure message="match failed: EQUALS&#10;  $ | data types don&apos;t match (NUMBER:NULL)&#10;  1&#10;  null&#10;&#10;classpath:conduitApp/feature/Homepage.feature:64&#10;status code was: 401, expected: 201, response time in milliseconds: 579, url: https://api.realworld.io/api/articles, response: &#10;{&quot;status&quot;:&quot;error&quot;,&quot;message&quot;:&quot;missing authorization credentials&quot;}&#10;classpath:conduitApp/performance/createArticle.feature:19 ==&gt; expected: &lt;true&gt; but was: &lt;false&gt;" type="org.opentest4j.AssertionFailedError"><![CDATA[org.opentest4j.AssertionFailedError: 
match failed: EQUALS
  $ | data types don't match (NUMBER:NULL)
  1
  null

classpath:conduitApp/feature/Homepage.feature:64
status code was: 401, expected: 201, response time in milliseconds: 579, url: https://api.realworld.io/api/articles, response: 
{"status":"error","message":"missing authorization credentials"}
classpath:conduitApp/performance/createArticle.feature:19 ==> expected: <true> but was: <false>
	at org.junit.jupiter.api.AssertionFailureBuilder.build(AssertionFailureBuilder.java:151)
	at org.junit.jupiter.api.AssertionFailureBuilder.buildAndThrow(AssertionFailureBuilder.java:132)
	at org.junit.jupiter.api.AssertTrue.failNotTrue(AssertTrue.java:63)
	at org.junit.jupiter.api.AssertTrue.assertTrue(AssertTrue.java:36)
	at org.junit.jupiter.api.Assertions.assertTrue(Assertions.java:211)
	at conduitApp.ConduitTest.testParallel(ConduitTest.java:27)
	at java.base/jdk.internal.reflect.NativeMethodAccessorImpl.invoke0(Native Method)
	at java.base/jdk.internal.reflect.NativeMethodAccessorImpl.invoke(NativeMethodAccessorImpl.java:62)
	at java.base/jdk.internal.reflect.DelegatingMethodAccessorImpl.invoke(DelegatingMethodAccessorImpl.java:43)
	at java.base/java.lang.reflect.Method.invoke(Method.java:566)
	at org.junit.platform.commons.util.ReflectionUtils.invokeMethod(ReflectionUtils.java:727)
	at org.junit.jupiter.engine.execution.MethodInvocation.proceed(MethodInvocation.java:60)
	at org.junit.jupiter.engine.execution.InvocationInterceptorChain$ValidatingInvocation.proceed(InvocationInterceptorChain.java:131)
	at org.junit.jupiter.engine.extension.TimeoutExtension.intercept(TimeoutExtension.java:156)
	at org.junit.jupiter.engine.extension.TimeoutExtension.interceptTestableMethod(TimeoutExtension.java:147)
	at org.junit.jupiter.engine.extension.TimeoutExtension.interceptTestMethod(TimeoutExtension.java:86)
	at org.junit.jupiter.engine.execution.InterceptingExecutableInvoker$ReflectiveInterceptorCall.lambda$ofVoidMethod$0(InterceptingExecutableInvoker.java:103)
	at org.junit.jupiter.engine.execution.InterceptingExecutableInvoker.lambda$invoke$0(InterceptingExecutableInvoker.java:93)
	at org.junit.jupiter.engine.execution.InvocationInterceptorChain$InterceptedInvocation.proceed(InvocationInterceptorChain.java:106)
	at org.junit.jupiter.engine.execution.InvocationInterceptorChain.proceed(InvocationInterceptorChain.java:64)
	at org.junit.jupiter.engine.execution.InvocationInterceptorChain.chainAndInvoke(InvocationInterceptorChain.java:45)
	at org.junit.jupiter.engine.execution.InvocationInterceptorChain.invoke(InvocationInterceptorChain.java:37)
	at org.junit.jupiter.engine.execution.InterceptingExecutableInvoker.invoke(InterceptingExecutableInvoker.java:92)
	at org.junit.jupiter.engine.execution.InterceptingExecutableInvoker.invoke(InterceptingExecutableInvoker.java:86)
	at org.junit.jupiter.engine.descriptor.TestMethodTestDescriptor.lambda$invokeTestMethod$7(TestMethodTestDescriptor.java:217)
	at org.junit.platform.engine.support.hierarchical.ThrowableCollector.execute(ThrowableCollector.java:73)
	at org.junit.jupiter.engine.descriptor.TestMethodTestDescriptor.invokeTestMethod(TestMethodTestDescriptor.java:213)
	at org.junit.jupiter.engine.descriptor.TestMethodTestDescriptor.execute(TestMethodTestDescriptor.java:138)
	at org.junit.jupiter.engine.descriptor.TestMethodTestDescriptor.execute(TestMethodTestDescriptor.java:68)
	at org.junit.platform.engine.support.hierarchical.NodeTestTask.lambda$executeRecursively$6(NodeTestTask.java:151)
	at org.junit.platform.engine.support.hierarchical.ThrowableCollector.execute(ThrowableCollector.java:73)
	at org.junit.platform.engine.support.hierarchical.NodeTestTask.lambda$executeRecursively$8(NodeTestTask.java:141)
	at org.junit.platform.engine.support.hierarchical.Node.around(Node.java:137)
	at org.junit.platform.engine.support.hierarchical.NodeTestTask.lambda$executeRecursively$9(NodeTestTask.java:139)
	at org.junit.platform.engine.support.hierarchical.ThrowableCollector.execute(ThrowableCollector.java:73)
	at org.junit.platform.engine.support.hierarchical.NodeTestTask.executeRecursively(NodeTestTask.java:138)
	at org.junit.platform.engine.support.hierarchical.NodeTestTask.execute(NodeTestTask.java:95)
	at java.base/java.util.ArrayList.forEach(ArrayList.java:1541)
	at org.junit.platform.engine.support.hierarchical.SameThreadHierarchicalTestExecutorService.invokeAll(SameThreadHierarchicalTestExecutorService.java:41)
	at org.junit.platform.engine.support.hierarchical.NodeTestTask.lambda$executeRecursively$6(NodeTestTask.java:155)
	at org.junit.platform.engine.support.hierarchical.ThrowableCollector.execute(ThrowableCollector.java:73)
	at org.junit.platform.engine.support.hierarchical.NodeTestTask.lambda$executeRecursively$8(NodeTestTask.java:141)
	at org.junit.platform.engine.support.hierarchical.Node.around(Node.java:137)
	at org.junit.platform.engine.support.hierarchical.NodeTestTask.lambda$executeRecursively$9(NodeTestTask.java:139)
	at org.junit.platform.engine.support.hierarchical.ThrowableCollector.execute(ThrowableCollector.java:73)
	at org.junit.platform.engine.support.hierarchical.NodeTestTask.executeRecursively(NodeTestTask.java:138)
	at org.junit.platform.engine.support.hierarchical.NodeTestTask.execute(NodeTestTask.java:95)
	at java.base/java.util.ArrayList.forEach(ArrayList.java:1541)
	at org.junit.platform.engine.support.hierarchical.SameThreadHierarchicalTestExecutorService.invokeAll(SameThreadHierarchicalTestExecutorService.java:41)
	at org.junit.platform.engine.support.hierarchical.NodeTestTask.lambda$executeRecursively$6(NodeTestTask.java:155)
	at org.junit.platform.engine.support.hierarchical.ThrowableCollector.execute(ThrowableCollector.java:73)
	at org.junit.platform.engine.support.hierarchical.NodeTestTask.lambda$executeRecursively$8(NodeTestTask.java:141)
	at org.junit.platform.engine.support.hierarchical.Node.around(Node.java:137)
	at org.junit.platform.engine.support.hierarchical.NodeTestTask.lambda$executeRecursively$9(NodeTestTask.java:139)
	at org.junit.platform.engine.support.hierarchical.ThrowableCollector.execute(ThrowableCollector.java:73)
	at org.junit.platform.engine.support.hierarchical.NodeTestTask.executeRecursively(NodeTestTask.java:138)
	at org.junit.platform.engine.support.hierarchical.NodeTestTask.execute(NodeTestTask.java:95)
	at org.junit.platform.engine.support.hierarchical.SameThreadHierarchicalTestExecutorService.submit(SameThreadHierarchicalTestExecutorService.java:35)
	at org.junit.platform.engine.support.hierarchical.HierarchicalTestExecutor.execute(HierarchicalTestExecutor.java:57)
	at org.junit.platform.engine.support.hierarchical.HierarchicalTestEngine.execute(HierarchicalTestEngine.java:54)
	at org.junit.platform.launcher.core.EngineExecutionOrchestrator.execute(EngineExecutionOrchestrator.java:147)
	at org.junit.platform.launcher.core.EngineExecutionOrchestrator.execute(EngineExecutionOrchestrator.java:127)
	at org.junit.platform.launcher.core.EngineExecutionOrchestrator.execute(EngineExecutionOrchestrator.java:90)
	at org.junit.platform.launcher.core.EngineExecutionOrchestrator.lambda$execute$0(EngineExecutionOrchestrator.java:55)
	at org.junit.platform.launcher.core.EngineExecutionOrchestrator.withInterceptedStreams(EngineExecutionOrchestrator.java:102)
	at org.junit.platform.launcher.core.EngineExecutionOrchestrator.execute(EngineExecutionOrchestrator.java:54)
	at org.junit.platform.launcher.core.DefaultLauncher.execute(DefaultLauncher.java:114)
	at org.junit.platform.launcher.core.DefaultLauncher.execute(DefaultLauncher.java:86)
	at org.junit.platform.launcher.core.DefaultLauncherSession$DelegatingLauncher.execute(DefaultLauncherSession.java:86)
	at org.apache.maven.surefire.junitplatform.LazyLauncher.execute(LazyLauncher.java:50)
	at org.apache.maven.surefire.junitplatform.JUnitPlatformProvider.execute(JUnitPlatformProvider.java:184)
	at org.apache.maven.surefire.junitplatform.JUnitPlatformProvider.invokeAllTests(JUnitPlatformProvider.java:148)
	at org.apache.maven.surefire.junitplatform.JUnitPlatformProvider.invoke(JUnitPlatformProvider.java:122)
	at org.apache.maven.surefire.booter.ForkedBooter.runSuitesInProcess(ForkedBooter.java:385)
	at org.apache.maven.surefire.booter.ForkedBooter.execute(ForkedBooter.java:162)
	at org.apache.maven.surefire.booter.ForkedBooter.run(ForkedBooter.java:507)
	at org.apache.maven.surefire.booter.ForkedBooter.main(ForkedBooter.java:495)
]]></failure>
    <system-out><![CDATA[---------------------------------------------------------
feature: classpath:conduitApp/feature/Articles.feature
scenarios:  2 | passed:  2 | failed:  0 | time: 3,4886
---------------------------------------------------------

---------------------------------------------------------
feature: classpath:conduitApp/feature/Homepage.feature
scenarios:  8 | passed:  7 | failed:  1 | time: 10,1822
---------------------------------------------------------

---------------------------------------------------------
feature: classpath:conduitApp/feature/HomeWork.feature
scenarios:  2 | passed:  2 | failed:  0 | time: 6,4384
---------------------------------------------------------

---------------------------------------------------------
feature: classpath:conduitApp/feature/Hooks.feature
scenarios:  2 | passed:  2 | failed:  0 | time: 0,0021
---------------------------------------------------------

---------------------------------------------------------
feature: classpath:conduitApp/feature/SignUp.feature
scenarios:  4 | passed:  4 | failed:  0 | time: 2,6038
---------------------------------------------------------

---------------------------------------------------------
feature: classpath:conduitApp/performance/createArticle.feature
scenarios:  1 | passed:  0 | failed:  1 | time: 0,6180
---------------------------------------------------------

Karate version: 1.4.1
======================================================
elapsed:  28,43 | threads:    1 | thread time: 23,33 
features:     6 | skipped:    1 | efficiency: 0,82
scenarios:   19 | passed:    17 | failed: 2
======================================================
>>> failed features:
match failed: EQUALS
  $ | data types don't match (NUMBER:NULL)
  1
  null

classpath:conduitApp/feature/Homepage.feature:64
status code was: 401, expected: 201, response time in milliseconds: 579, url: https://api.realworld.io/api/articles, response: 
{"status":"error","message":"missing authorization credentials"}
classpath:conduitApp/performance/createArticle.feature:19
<<<

HTML report: (paste into browser to view) | Karate version: 1.4.1
file:///D:/Karate/KarateUdemy/target/karate-reports/karate-summary.html
===================================================================

]]></system-out>
    <system-err><![CDATA[[main] INFO com.intuit.karate.Runner - using system property 'karate.options': --tags ~~@debug
[main] WARN com.intuit.karate.Suite - failed to backup existing dir: target\karate-reports
[main] INFO com.intuit.karate - karate.env system property was: null 
[main] INFO com.intuit.karate - >> lock acquired, begin callSingle: classpath:helpers/CreateToken.feature
[main] INFO com.intuit.karate - << lock released, cached callSingle: classpath:helpers/CreateToken.feature
[main] INFO com.intuit.karate - karate.env system property was: null 
[main] INFO com.intuit.karate.Suite - <<pass>> feature 1 of 7 (0 remaining) classpath:conduitApp/feature/Articles.feature
[main] INFO com.intuit.karate - karate.env system property was: null 
[main] INFO com.intuit.karate - [print] {
  "headers": {
    "Authorization": [
      "Token eyJhbGciOiJIUzI1NiIsInR5cCI6IkpXVCJ9.eyJ1c2VyIjp7ImlkIjozNzYyM30sImlhdCI6MTcyMDk1Mjc3NSwiZXhwIjoxNzI2MTM2Nzc1fQ.hDI0-WcPCnuSojha_gJ4h-XmghV4dtadH8fWvimlKDA"
    ],
    "Host": [
      "api.realworld.io"
    ],
    "Connection": [
      "Keep-Alive"
    ],
    "User-Agent": [
      "Apache-HttpClient/4.5.14 (Java/11.0.23)"
    ],
    "Accept-Encoding": [
      "gzip,deflate"
    ]
  },
  "method": "GET",
  "body": null,
  "url": "https://api.realworld.io/api/tags"
}
 
[main] INFO com.intuit.karate - karate.env system property was: null 
[main] INFO com.intuit.karate - karate.env system property was: null 
[main] ERROR com.intuit.karate - classpath:conduitApp/feature/Homepage.feature:64
And match response.articles[0].favoritesCount == result
match failed: EQUALS
  $ | data types don't match (NUMBER:NULL)
  1
  null

classpath:conduitApp/feature/Homepage.feature:64
[main] INFO com.intuit.karate - karate.env system property was: null 
[main] INFO com.intuit.karate - karate.env system property was: null 
[main] INFO com.intuit.karate - karate.env system property was: null 
[main] INFO com.intuit.karate - karate.env system property was: null 
[main] INFO com.intuit.karate - karate.env system property was: null 
[main] INFO com.intuit.karate - [print] {
  "headers": {
    "Content-Type": [
      "application/x-www-form-urlencoded"
    ],
    "Authorization": [
      "Token eyJhbGciOiJIUzI1NiIsInR5cCI6IkpXVCJ9.eyJ1c2VyIjp7ImlkIjozNzYyM30sImlhdCI6MTcyMDk1Mjc3NSwiZXhwIjoxNzI2MTM2Nzc1fQ.hDI0-WcPCnuSojha_gJ4h-XmghV4dtadH8fWvimlKDA"
    ],
    "Content-Length": [
      "2"
    ],
    "Host": [
      "127.0.0.1:8000"
    ],
    "Connection": [
      "Keep-Alive"
    ],
    "User-Agent": [
      "Apache-HttpClient/4.5.14 (Java/11.0.23)"
    ],
    "Accept-Encoding": [
      "gzip,deflate"
    ]
  },
  "method": "POST",
  "body": "[B@39336f5",
  "url": "http://127.0.0.1:8000/lien-he/"
}
 
[main] INFO com.intuit.karate.Suite - <<fail>> feature 2 of 7 (0 remaining) classpath:conduitApp/feature/Homepage.feature
[main] INFO com.intuit.karate - karate.env system property was: null 
[main] INFO com.intuit.karate - karate.env system property was: null 
[main] INFO com.intuit.karate.Suite - <<pass>> feature 3 of 7 (0 remaining) classpath:conduitApp/feature/HomeWork.feature
[main] INFO com.intuit.karate - karate.env system property was: null 
[main] INFO com.intuit.karate - [print] this is the 1st scenario 
[main] INFO com.intuit.karate - [print] celina.beer 
[main] INFO com.intuit.karate - karate.env system property was: null 
[main] INFO com.intuit.karate - [print] this is the 2nd scenario 
[main] INFO com.intuit.karate - [print] michael.larkin 
[main] INFO com.intuit.karate - after feature 
[main] INFO com.intuit.karate.Suite - <<pass>> feature 4 of 7 (0 remaining) classpath:conduitApp/feature/Hooks.feature
[main] INFO com.intuit.karate - karate.env system property was: null 
[main] INFO com.intuit.karate - karate.env system property was: null 
[main] INFO com.intuit.karate - karate.env system property was: null 
[main] INFO com.intuit.karate - karate.env system property was: null 
[main] INFO com.intuit.karate.Suite - <<pass>> feature 5 of 7 (0 remaining) classpath:conduitApp/feature/SignUp.feature
[main] INFO com.intuit.karate - karate.env system property was: null 
[main] ERROR com.intuit.karate - classpath:conduitApp/performance/createArticle.feature:19
Then status 201
status code was: 401, expected: 201, response time in milliseconds: 579, url: https://api.realworld.io/api/articles, response: 
{"status":"error","message":"missing authorization credentials"}
classpath:conduitApp/performance/createArticle.feature:19
[main] INFO com.intuit.karate.Suite - <<fail>> feature 7 of 7 (0 remaining) classpath:conduitApp/performance/createArticle.feature
Jul 14, 2024 5:26:39 PM net.masterthought.cucumber.ReportParser parseJsonFiles
INFO: File 'D:\Karate\KarateUdemy\target\karate-reports\conduitApp.feature.Articles.json' contains 1 features
Jul 14, 2024 5:26:39 PM net.masterthought.cucumber.ReportParser parseJsonFiles
INFO: File 'D:\Karate\KarateUdemy\target\karate-reports\conduitApp.feature.Homepage.json' contains 1 features
Jul 14, 2024 5:26:39 PM net.masterthought.cucumber.ReportParser parseJsonFiles
INFO: File 'D:\Karate\KarateUdemy\target\karate-reports\conduitApp.feature.HomeWork.json' contains 1 features
Jul 14, 2024 5:26:39 PM net.masterthought.cucumber.ReportParser parseJsonFiles
INFO: File 'D:\Karate\KarateUdemy\target\karate-reports\conduitApp.feature.Hooks.json' contains 1 features
Jul 14, 2024 5:26:39 PM net.masterthought.cucumber.ReportParser parseJsonFiles
INFO: File 'D:\Karate\KarateUdemy\target\karate-reports\conduitApp.feature.SignUp.json' contains 1 features
Jul 14, 2024 5:26:39 PM net.masterthought.cucumber.ReportParser parseJsonFiles
INFO: File 'D:\Karate\KarateUdemy\target\karate-reports\conduitApp.performance.createArticle.json' contains 1 features
]]></system-err>
  </testcase>
</testsuite>